Arguments: 
  /Users/michaelaubry/.nvm/versions/node/v15.14.0/bin/node /Users/michaelaubry/.nvm/versions/node/v15.14.0/bin/yarn test

PATH: 
  /Users/michaelaubry/.nvm/versions/node/v15.14.0/bin:/opt/homebrew/bin:/usr/local/bin:/usr/bin:/bin:/usr/sbin:/sbin

Yarn version: 
  1.22.10

Node version: 
  15.14.0

Platform: 
  darwin arm64

Trace: 
  Invariant Violation: Script must exist
      at invariant (/Users/michaelaubry/.nvm/versions/node/v15.14.0/lib/node_modules/yarn/lib/cli.js:2314:15)
      at /Users/michaelaubry/.nvm/versions/node/v15.14.0/lib/node_modules/yarn/lib/cli.js:62387:11
      at Generator.next (<anonymous>)
      at step (/Users/michaelaubry/.nvm/versions/node/v15.14.0/lib/node_modules/yarn/lib/cli.js:310:30)
      at /Users/michaelaubry/.nvm/versions/node/v15.14.0/lib/node_modules/yarn/lib/cli.js:328:14
      at new Promise (<anonymous>)
      at new F (/Users/michaelaubry/.nvm/versions/node/v15.14.0/lib/node_modules/yarn/lib/cli.js:5301:28)
      at /Users/michaelaubry/.nvm/versions/node/v15.14.0/lib/node_modules/yarn/lib/cli.js:307:12
      at realRunCommand (/Users/michaelaubry/.nvm/versions/node/v15.14.0/lib/node_modules/yarn/lib/cli.js:62472:23)
      at action.action (/Users/michaelaubry/.nvm/versions/node/v15.14.0/lib/node_modules/yarn/lib/cli.js:62533:16)

npm manifest: 
  {
    "name": "@motionbox/motionbox-js",
    "version": "0.0.1",
    "main": "index.js",
    "repository": "https://github.com/motionboxio/motionbox-js.git",
    "author": "bluematter <michael@motionbox.io>",
    "license": "MIT",
    "scripts": {
      "test": ""
    },
    "dependencies": {
      "axios": "^0.21.1"
    }
  }

yarn manifest: 
  No manifest

Lockfile: 
  # THIS IS AN AUTOGENERATED FILE. DO NOT EDIT THIS FILE DIRECTLY.
  # yarn lockfile v1
  
  
  axios@^0.21.1:
    version "0.21.1"
    resolved "https://registry.yarnpkg.com/axios/-/axios-0.21.1.tgz#22563481962f4d6bde9a76d516ef0e5d3c09b2b8"
    integrity sha512-dKQiRHxGD9PPRIUNIWvZhPTPpl1rf/OxTYKsqKUDjBwYylTvV7SjSHJb9ratfyzM6wCdLCOYLzs73qpg5c4iGA==
    dependencies:
      follow-redirects "^1.10.0"
  
  follow-redirects@^1.10.0:
    version "1.14.1"
    resolved "https://registry.yarnpkg.com/follow-redirects/-/follow-redirects-1.14.1.tgz#d9114ded0a1cfdd334e164e6662ad02bfd91ff43"
    integrity sha512-HWqDgT7ZEkqRzBvc2s64vSZ/hfOceEol3ac/7tKwzuvEyWx3/4UegXh5oBOIotkGsObyk3xznnSRVADBgWSQVg==
